08/31/2021 12:16:29 PM - Mainstream   - DEBUG        - debug message
08/31/2021 12:16:29 PM - Mainstream   - INFO         - info message
08/31/2021 12:16:29 PM - Mainstream   - WARNING      - warn message
08/31/2021 12:16:29 PM - Mainstream   - ERROR        - error message
08/31/2021 12:16:29 PM - Mainstream   - CRITICAL     - critical message
08/31/2021 12:18:52 PM - Mainstream   - INFO         - This site has already been checked: /wiki/ISBN_(identifier)
08/31/2021 12:22:34 PM - Mainstream   - INFO         - This site has already been checked: /wiki/ISBN_(identifier)
08/31/2021 12:23:22 PM - Mainstream   - INFO         - This site has already been checked: /wiki/PMID_(identifier)
08/31/2021 12:25:06 PM - Mainstream   - INFO         - This site has already been checked: /wiki/ISBN_(identifier)
08/31/2021 12:28:56 PM - Mainstream   - INFO         - This site has already been checked: /wiki/Doi_(identifier)
08/31/2021 12:29:32 PM - Mainstream   - INFO         - This site has already been checked: /wiki/ISO/IEC_7811
08/31/2021 12:30:34 PM - Mainstream   - INFO         - This site has already been checked: /wiki/80187
08/31/2021 12:33:01 PM - Mainstream   - INFO         - This site has already been checked: /wiki/ISSN_(identifier)
08/31/2021 12:33:17 PM - Mainstream   - INFO         - This site has already been checked: /wiki/ISO_2848
08/31/2021 12:34:16 PM - Mainstream   - INFO         - This site has already been checked: /wiki/ISBN_(identifier)
08/31/2021 12:34:45 PM - Mainstream   - INFO         - This site has already been checked: /wiki/Chief_compliance_officer
08/31/2021 12:35:16 PM - Mainstream   - INFO         - This site has already been checked: /wiki/ISBN_(identifier)
08/31/2021 12:35:49 PM - Mainstream   - INFO         - This site has already been checked: /wiki/ISBN_(identifier)
08/31/2021 12:36:52 PM - Mainstream   - INFO         - This site has already been checked: /wiki/Geneva_College
08/31/2021 12:37:03 PM - Mainstream   - INFO         - This site has already been checked: /wiki/Doi_(identifier)
08/31/2021 12:39:41 PM - Mainstream   - INFO         - This site has already been checked: /wiki/ISBN_(identifier)
08/31/2021 12:40:11 PM - Mainstream   - INFO         - This site has already been checked: /wiki/Doi_(identifier)
08/31/2021 12:40:30 PM - Mainstream   - INFO         - This site has already been checked: /wiki/ISO_10487
08/31/2021 12:40:31 PM - Mainstream   - INFO         - This site has already been checked: /wiki/ISO_7736
08/31/2021 12:41:21 PM - Mainstream   - INFO         - This site has already been checked: /wiki/Education_in_England
08/31/2021 12:41:39 PM - Mainstream   - INFO         - This site has already been checked: /wiki/HTML
08/31/2021 12:41:46 PM - Mainstream   - INFO         - This site has already been checked: /wiki/Computerworld
08/31/2021 12:42:18 PM - Mainstream   - INFO         - This site has already been checked: /wiki/SystemVerilog
08/31/2021 12:42:25 PM - Mainstream   - INFO         - This site has already been checked: /wiki/ISNI_(identifier)
08/31/2021 12:42:26 PM - Mainstream   - INFO         - This site has already been checked: /wiki/ISO_7200
08/31/2021 12:42:50 PM - Mainstream   - INFO         - This site has already been checked: /wiki/ISBN_(identifier)
08/31/2021 12:42:52 PM - Mainstream   - INFO         - This site has already been checked: /wiki/MPEG-4
08/31/2021 12:42:59 PM - Mainstream   - INFO         - This site has already been checked: /wiki/ISO_31-7
08/31/2021 12:43:04 PM - Mainstream   - INFO         - This site has already been checked: /wiki/C%2B%2B
08/31/2021 12:43:05 PM - Mainstream   - INFO         - This site has already been checked: /wiki/ISO/IEC_8859
08/31/2021 12:43:14 PM - Mainstream   - INFO         - This site has already been checked: /wiki/ISO_7736
08/31/2021 12:43:15 PM - Mainstream   - INFO         - This site has already been checked: /wiki/ISO_31-4
08/31/2021 12:43:53 PM - Mainstream   - INFO         - This site has already been checked: /wiki/S2CID_(identifier)
08/31/2021 12:45:00 PM - Mainstream   - INFO         - This site has already been checked: /wiki/ISBN_(identifier)
08/31/2021 12:45:05 PM - Mainstream   - INFO         - This site has already been checked: /wiki/International_Electrotechnical_Commission
08/31/2021 12:45:50 PM - Mainstream   - INFO         - This site has already been checked: /wiki/ISSN_(identifier)
08/31/2021 12:46:22 PM - Mainstream   - INFO         - This site has already been checked: /wiki/James_Anthony_Froude
08/31/2021 12:46:23 PM - Mainstream   - INFO         - This site has already been checked: /wiki/JSTOR_(identifier)
08/31/2021 12:46:48 PM - Mainstream   - INFO         - This site has already been checked: /wiki/ISBN_(identifier)
08/31/2021 12:46:53 PM - Mainstream   - INFO         - This site has already been checked: /wiki/MPEG-4_Part_14
08/31/2021 12:47:24 PM - Mainstream   - INFO         - This site has already been checked: /wiki/ISBN_(identifier)
08/31/2021 12:47:57 PM - Mainstream   - INFO         - This site has already been checked: /wiki/Doi_(identifier)
08/31/2021 12:48:01 PM - Mainstream   - INFO         - This site has already been checked: /wiki/International_Organization_for_Standardization
08/31/2021 12:48:05 PM - Mainstream   - INFO         - This site has already been checked: /wiki/Renard_series
08/31/2021 12:48:08 PM - Mainstream   - INFO         - This site has already been checked: /wiki/O-ring
08/31/2021 12:51:51 PM - Mainstream   - INFO         - This site has already been checked: /wiki/ISBN_(identifier)
08/31/2021 12:51:54 PM - Mainstream   - INFO         - This site has already been checked: /wiki/ISO_22000
08/31/2021 12:54:51 PM - Mainstream   - INFO         - This site has already been checked: /wiki/Doi_(identifier)
08/31/2021 12:54:54 PM - Mainstream   - INFO         - This site has already been checked: /wiki/ISO_19114
08/31/2021 12:54:58 PM - Mainstream   - INFO         - This site has already been checked: /wiki/Renard_series
08/31/2021 12:55:06 PM - Mainstream   - INFO         - This site has already been checked: /wiki/Trusted_Platform_Module
08/31/2021 12:56:01 PM - Mainstream   - INFO         - This site has already been checked: /wiki/Netflix
08/31/2021 12:57:20 PM - Mainstream   - INFO         - This site has already been checked: /wiki/Kansas_City,_Missouri
08/31/2021 12:57:51 PM - Mainstream   - INFO         - This site has already been checked: /wiki/Doi_(identifier)
08/31/2021 12:58:18 PM - Mainstream   - INFO         - This site has already been checked: /wiki/Doi_(identifier)
08/31/2021 12:59:13 PM - Mainstream   - INFO         - This site has already been checked: /wiki/PMID_(identifier)
08/31/2021 12:59:18 PM - Mainstream   - INFO         - This site has already been checked: /wiki/Doi_(identifier)
08/31/2021 12:59:22 PM - Mainstream   - INFO         - This site has already been checked: /wiki/ISO_4217
08/31/2021 01:01:22 PM - Mainstream   - INFO         - This site has already been checked: /wiki/Doi_(identifier)
08/31/2021 01:01:25 PM - Mainstream   - INFO         - This site has already been checked: /wiki/ISO/IEC_8859
08/31/2021 01:01:26 PM - Mainstream   - INFO         - This site has already been checked: /wiki/ISO_20400
08/31/2021 01:02:46 PM - Mainstream   - INFO         - This site has already been checked: /wiki/ISBN_(identifier)
08/31/2021 01:03:04 PM - Mainstream   - INFO         - This site has already been checked: /wiki/ISBN_(identifier)
08/31/2021 01:03:17 PM - Mainstream   - INFO         - This site has already been checked: /wiki/VIAF_(identifier)
08/31/2021 01:05:27 PM - Mainstream   - INFO         - This site has already been checked: /wiki/Saint-Martial-de-Nabirat
08/31/2021 01:05:38 PM - Mainstream   - INFO         - This site has already been checked: /wiki/Grun-Bordas
08/31/2021 01:05:55 PM - Mainstream   - INFO         - This site has already been checked: /wiki/Doi_(identifier)
08/31/2021 01:05:56 PM - Mainstream   - INFO         - This site has already been checked: /wiki/International_Standard_Recording_Code
08/31/2021 01:06:10 PM - Mainstream   - INFO         - This site has already been checked: /wiki/Computer_graphics_(computer_science)
08/31/2021 01:06:15 PM - Mainstream   - INFO         - This site has already been checked: /wiki/Computer_network
08/31/2021 01:07:03 PM - Mainstream   - INFO         - This site has already been checked: /wiki/Doi_(identifier)
08/31/2021 01:07:04 PM - Mainstream   - INFO         - This site has already been checked: /wiki/ISO_2848
08/31/2021 01:07:04 PM - Mainstream   - INFO         - This site has already been checked: /wiki/TIFF/EP
08/31/2021 01:07:33 PM - Mainstream   - INFO         - This site has already been checked: /wiki/ISBN_(identifier)
08/31/2021 01:07:39 PM - Mainstream   - INFO         - This site has already been checked: /wiki/Document_Style_Semantics_and_Specification_Language
08/31/2021 01:07:45 PM - Mainstream   - INFO         - This site has already been checked: /wiki/ISO/IEC_19794-5
08/31/2021 01:07:47 PM - Mainstream   - INFO         - This site has already been checked: /wiki/Open_Document_Architecture
08/31/2021 01:07:48 PM - Mainstream   - INFO         - This site has already been checked: /wiki/PDF/X
08/31/2021 01:07:58 PM - Mainstream   - INFO         - This site has already been checked: /wiki/ISBN_(identifier)
08/31/2021 01:08:02 PM - Mainstream   - INFO         - This site has already been checked: /wiki/Doi_(identifier)
08/31/2021 01:08:13 PM - Mainstream   - INFO         - This site has already been checked: /wiki/Computer_network
08/31/2021 01:09:24 PM - Mainstream   - INFO         - This site has already been checked: /wiki/ISBN_(identifier)
08/31/2021 01:10:52 PM - Mainstream   - INFO         - This site has already been checked: /wiki/Wayback_Machine
08/31/2021 01:10:53 PM - Mainstream   - INFO         - This site has already been checked: /wiki/ISSN_(identifier)
08/31/2021 01:10:55 PM - Mainstream   - INFO         - This site has already been checked: /wiki/ISO_31-0
08/31/2021 01:10:56 PM - Mainstream   - INFO         - This site has already been checked: /wiki/ISO_10218
08/31/2021 01:10:56 PM - Mainstream   - INFO         - This site has already been checked: /wiki/ISO_metric_screw_thread
08/31/2021 01:11:56 PM - Mainstream   - INFO         - This site has already been checked: /wiki/Wayback_Machine
08/31/2021 01:12:17 PM - Mainstream   - INFO         - This site has already been checked: /wiki/ISBN_(identifier)
08/31/2021 01:12:20 PM - Mainstream   - INFO         - This site has already been checked: /wiki/Renard_series
08/31/2021 01:13:51 PM - Mainstream   - INFO         - This site has already been checked: /wiki/Florida
08/31/2021 01:14:34 PM - Mainstream   - INFO         - This site has already been checked: /wiki/Doi_(identifier)
08/31/2021 01:14:35 PM - Mainstream   - INFO         - This site has already been checked: /wiki/MPEG-4_Part_14
08/31/2021 01:14:42 PM - Mainstream   - INFO         - This site has already been checked: /wiki/ISO_19136
08/31/2021 01:14:54 PM - Mainstream   - INFO         - This site has already been checked: /wiki/ISBN_(identifier)
08/31/2021 01:15:10 PM - Mainstream   - INFO         - This site has already been checked: /wiki/State_Insurance
08/31/2021 01:15:13 PM - Mainstream   - INFO         - This site has already been checked: /wiki/ISNI_(identifier)
08/31/2021 01:15:39 PM - Mainstream   - INFO         - This site has already been checked: /wiki/ISSN_(identifier)
08/31/2021 01:15:40 PM - Mainstream   - INFO         - This site has already been checked: /wiki/MPEG-4_Part_14
08/31/2021 01:15:44 PM - Mainstream   - INFO         - This site has already been checked: /wiki/Domain_Name_System
01/28/2022 09:41:39 AM - Mainstream   - DEBUG        - debug message
01/28/2022 09:41:39 AM - Mainstream   - INFO         - info message
01/28/2022 09:41:39 AM - Mainstream   - WARNING      - warn message
01/28/2022 09:41:39 AM - Mainstream   - ERROR        - error message
01/28/2022 09:41:39 AM - Mainstream   - CRITICAL     - critical message
